# JRE version: OpenJDK Runtime Environment (8.0_212) (build 1.8.0_212-release-1586-b4-5784211)
# Java VM: OpenJDK 64-Bit Server VM (25.212-b4-5784211 mixed mode linux-amd64 compressed oops)
Heap:
 PSYoungGen      total 36864K, used 12799K [0x00000000e0000000, 0x00000000e2900000, 0x0000000100000000)
  eden space 31744K, 40% used [0x00000000e0000000,0x00000000e0c7ff10,0x00000000e1f00000)
  from space 5120K, 0% used [0x00000000e1f00000,0x00000000e1f00000,0x00000000e2400000)
  to   space 5120K, 0% used [0x00000000e2400000,0x00000000e2400000,0x00000000e2900000)
 ParOldGen       total 84992K, used 2642K [0x00000000a0000000, 0x00000000a5300000, 0x00000000e0000000)
  object space 84992K, 3% used [0x00000000a0000000,0x00000000a0294a00,0x00000000a5300000)
 Metaspace       used 10766K, capacity 10984K, committed 11264K, reserved 1058816K
  class space    used 1183K, capacity 1250K, committed 1280K, reserved 1048576K
GC Heap History (4 events):
Event: 0.241 GC heap before
{Heap before GC invocations=1 (full 0):
 PSYoungGen      total 36864K, used 13420K [0x00000000e0000000, 0x00000000e2900000, 0x0000000100000000)
  eden space 31744K, 42% used [0x00000000e0000000,0x00000000e0d1b398,0x00000000e1f00000)
  from space 5120K, 0% used [0x00000000e2400000,0x00000000e2400000,0x00000000e2900000)
  to   space 5120K, 0% used [0x00000000e1f00000,0x00000000e1f00000,0x00000000e2400000)
 ParOldGen       total 84992K, used 0K [0x00000000a0000000, 0x00000000a5300000, 0x00000000e0000000)
  object space 84992K, 0% used [0x00000000a0000000,0x00000000a0000000,0x00000000a5300000)
 Metaspace       used 8727K, capacity 8894K, committed 8960K, reserved 1056768K
  class space    used 929K, capacity 989K, committed 1024K, reserved 1048576K
Event: 0.243 GC heap after
Heap after GC invocations=1 (full 0):
 PSYoungGen      total 36864K, used 2887K [0x00000000e0000000, 0x00000000e2900000, 0x0000000100000000)
  eden space 31744K, 0% used [0x00000000e0000000,0x00000000e0000000,0x00000000e1f00000)
  from space 5120K, 56% used [0x00000000e1f00000,0x00000000e21d1c68,0x00000000e2400000)
  to   space 5120K, 0% used [0x00000000e2400000,0x00000000e2400000,0x00000000e2900000)
 ParOldGen       total 84992K, used 8K [0x00000000a0000000, 0x00000000a5300000, 0x00000000e0000000)
  object space 84992K, 0% used [0x00000000a0000000,0x00000000a0002000,0x00000000a5300000)
 Metaspace       used 8727K, capacity 8894K, committed 8960K, reserved 1056768K
  class space    used 929K, capacity 989K, committed 1024K, reserved 1048576K
}
Event: 0.243 GC heap before
{Heap before GC invocations=2 (full 1):
 PSYoungGen      total 36864K, used 2887K [0x00000000e0000000, 0x00000000e2900000, 0x0000000100000000)
  eden space 31744K, 0% used [0x00000000e0000000,0x00000000e0000000,0x00000000e1f00000)
  from space 5120K, 56% used [0x00000000e1f00000,0x00000000e21d1c68,0x00000000e2400000)
  to   space 5120K, 0% used [0x00000000e2400000,0x00000000e2400000,0x00000000e2900000)
 ParOldGen       total 84992K, used 8K [0x00000000a0000000, 0x00000000a5300000, 0x00000000e0000000)
  object space 84992K, 0% used [0x00000000a0000000,0x00000000a0002000,0x00000000a5300000)
 Metaspace       used 8727K, capacity 8894K, committed 8960K, reserved 1056768K
  class space    used 929K, capacity 989K, committed 1024K, reserved 1048576K
Event: 0.251 GC heap after
Heap after GC invocations=2 (full 1):
 PSYoungGen      total 36864K, used 0K [0x00000000e0000000, 0x00000000e2900000, 0x0000000100000000)
  eden space 31744K, 0% used [0x00000000e0000000,0x00000000e0000000,0x00000000e1f00000)
  from space 5120K, 0% used [0x00000000e1f00000,0x00000000e1f00000,0x00000000e2400000)
  to   space 5120K, 0% used [0x00000000e2400000,0x00000000e2400000,0x00000000e2900000)
 ParOldGen       total 84992K, used 2642K [0x00000000a0000000, 0x00000000a5300000, 0x00000000e0000000)
  object space 84992K, 3% used [0x00000000a0000000,0x00000000a0294a00,0x00000000a5300000)
 Metaspace       used 8727K, capacity 8894K, committed 8960K, reserved 1056768K
  class space    used 929K, capacity 989K, committed 1024K, reserved 1048576K
}

